<?xml version="1.0" encoding="UTF-8"?>
<!-- Generated by org.testng.reporters.JUnitXMLReporter -->
<testsuite ignored="0" hostname="LAPTOP-9APNPGG0" failures="0" tests="4" name="Test" time="56.242" errors="0" timestamp="2025-03-21T03:03:25 IST">
  <testcase classname="testCases.TC001_AccountRegistrationTest" name="verify_account_registration" time="5.82"/>
  <testcase classname="testCases.TC002_LoginTest" name="verify_login" time="2.409"/>
  <testcase classname="testCases.TC003_Search" name="getAllSearchResults" time="1.402"/>
  <testcase classname="testCases.TC004_AddProductToCart" name="addProductToCart" time="1.106"/>
</testsuite> <!-- Test -->
