<?xml version="1.0" encoding="UTF-8"?>
<testng-results ignored="0" total="4" passed="4" failed="0" skipped="0">
  <reporter-output>
  </reporter-output>
  <suite started-at="2025-03-21T03:02:25 IST" name="Suite" finished-at="2025-03-21T03:03:21 IST" duration-ms="56242">
    <groups>
      <group name="Master">
        <method signature="TC001_AccountRegistrationTest.verify_account_registration()[pri:0, instance:testCases.TC001_AccountRegistrationTest@28261e8e]" name="verify_account_registration" class="testCases.TC001_AccountRegistrationTest"/>
        <method signature="TC002_LoginTest.verify_login()[pri:0, instance:testCases.TC002_LoginTest@3f191845]" name="verify_login" class="testCases.TC002_LoginTest"/>
        <method signature="TC003_Search.getAllSearchResults()[pri:0, instance:testCases.TC003_Search@5f049ea1]" name="getAllSearchResults" class="testCases.TC003_Search"/>
        <method signature="TC004_AddProductToCart.addProductToCart()[pri:0, instance:testCases.TC004_AddProductToCart@72cc7e6f]" name="addProductToCart" class="testCases.TC004_AddProductToCart"/>
      </group> <!-- Master -->
      <group name="Sanity">
        <method signature="TC002_LoginTest.verify_login()[pri:0, instance:testCases.TC002_LoginTest@3f191845]" name="verify_login" class="testCases.TC002_LoginTest"/>
        <method signature="TC003_Search.getAllSearchResults()[pri:0, instance:testCases.TC003_Search@5f049ea1]" name="getAllSearchResults" class="testCases.TC003_Search"/>
        <method signature="TC004_AddProductToCart.addProductToCart()[pri:0, instance:testCases.TC004_AddProductToCart@72cc7e6f]" name="addProductToCart" class="testCases.TC004_AddProductToCart"/>
      </group> <!-- Sanity -->
      <group name="Regression">
        <method signature="TC001_AccountRegistrationTest.verify_account_registration()[pri:0, instance:testCases.TC001_AccountRegistrationTest@28261e8e]" name="verify_account_registration" class="testCases.TC001_AccountRegistrationTest"/>
      </group> <!-- Regression -->
    </groups>
    <test started-at="2025-03-21T03:02:25 IST" name="Test" finished-at="2025-03-21T03:03:21 IST" duration-ms="56242">
      <class name="testCases.TC003_Search">
        <test-method is-config="true" signature="setup(java.lang.String,java.lang.String)[pri:0, instance:testCases.TC003_Search@5f049ea1]" started-at="2025-03-21T03:03:00 IST" name="setup" finished-at="2025-03-21T03:03:10 IST" duration-ms="10286" status="PASS">
          <params>
            <param index="0">
              <value>
                <![CDATA[windows]]>
              </value>
            </param>
            <param index="1">
              <value>
                <![CDATA[chrome]]>
              </value>
            </param>
          </params>
          <reporter-output>
          </reporter-output>
        </test-method> <!-- setup -->
        <test-method signature="getAllSearchResults()[pri:0, instance:testCases.TC003_Search@5f049ea1]" started-at="2025-03-21T03:03:10 IST" name="getAllSearchResults" finished-at="2025-03-21T03:03:12 IST" duration-ms="1402" status="PASS">
          <reporter-output>
          </reporter-output>
        </test-method> <!-- getAllSearchResults -->
        <test-method is-config="true" signature="tearDown()[pri:0, instance:testCases.TC003_Search@5f049ea1]" started-at="2025-03-21T03:03:12 IST" name="tearDown" finished-at="2025-03-21T03:03:12 IST" duration-ms="453" status="PASS">
          <reporter-output>
          </reporter-output>
        </test-method> <!-- tearDown -->
      </class> <!-- testCases.TC003_Search -->
      <class name="testCases.TC002_LoginTest">
        <test-method is-config="true" signature="setup(java.lang.String,java.lang.String)[pri:0, instance:testCases.TC002_LoginTest@3f191845]" started-at="2025-03-21T03:02:44 IST" name="setup" finished-at="2025-03-21T03:02:57 IST" duration-ms="13634" status="PASS">
          <params>
            <param index="0">
              <value>
                <![CDATA[windows]]>
              </value>
            </param>
            <param index="1">
              <value>
                <![CDATA[chrome]]>
              </value>
            </param>
          </params>
          <reporter-output>
          </reporter-output>
        </test-method> <!-- setup -->
        <test-method signature="verify_login()[pri:0, instance:testCases.TC002_LoginTest@3f191845]" started-at="2025-03-21T03:02:57 IST" name="verify_login" finished-at="2025-03-21T03:03:00 IST" duration-ms="2409" status="PASS">
          <reporter-output>
          </reporter-output>
        </test-method> <!-- verify_login -->
        <test-method is-config="true" signature="tearDown()[pri:0, instance:testCases.TC002_LoginTest@3f191845]" started-at="2025-03-21T03:03:00 IST" name="tearDown" finished-at="2025-03-21T03:03:00 IST" duration-ms="326" status="PASS">
          <reporter-output>
          </reporter-output>
        </test-method> <!-- tearDown -->
      </class> <!-- testCases.TC002_LoginTest -->
      <class name="testCases.TC004_AddProductToCart">
        <test-method is-config="true" signature="setup(java.lang.String,java.lang.String)[pri:0, instance:testCases.TC004_AddProductToCart@72cc7e6f]" started-at="2025-03-21T03:03:12 IST" name="setup" finished-at="2025-03-21T03:03:20 IST" duration-ms="7821" status="PASS">
          <params>
            <param index="0">
              <value>
                <![CDATA[windows]]>
              </value>
            </param>
            <param index="1">
              <value>
                <![CDATA[chrome]]>
              </value>
            </param>
          </params>
          <reporter-output>
          </reporter-output>
        </test-method> <!-- setup -->
        <test-method signature="addProductToCart()[pri:0, instance:testCases.TC004_AddProductToCart@72cc7e6f]" started-at="2025-03-21T03:03:20 IST" name="addProductToCart" finished-at="2025-03-21T03:03:21 IST" duration-ms="1106" status="PASS">
          <reporter-output>
          </reporter-output>
        </test-method> <!-- addProductToCart -->
        <test-method is-config="true" signature="tearDown()[pri:0, instance:testCases.TC004_AddProductToCart@72cc7e6f]" started-at="2025-03-21T03:03:21 IST" name="tearDown" finished-at="2025-03-21T03:03:21 IST" duration-ms="231" status="PASS">
          <reporter-output>
          </reporter-output>
        </test-method> <!-- tearDown -->
      </class> <!-- testCases.TC004_AddProductToCart -->
      <class name="testCases.TC001_AccountRegistrationTest">
        <test-method is-config="true" signature="setup(java.lang.String,java.lang.String)[pri:0, instance:testCases.TC001_AccountRegistrationTest@28261e8e]" started-at="2025-03-21T03:02:25 IST" name="setup" finished-at="2025-03-21T03:02:37 IST" duration-ms="12032" status="PASS">
          <params>
            <param index="0">
              <value>
                <![CDATA[windows]]>
              </value>
            </param>
            <param index="1">
              <value>
                <![CDATA[chrome]]>
              </value>
            </param>
          </params>
          <reporter-output>
          </reporter-output>
        </test-method> <!-- setup -->
        <test-method signature="verify_account_registration()[pri:0, instance:testCases.TC001_AccountRegistrationTest@28261e8e]" started-at="2025-03-21T03:02:37 IST" name="verify_account_registration" finished-at="2025-03-21T03:02:43 IST" duration-ms="5820" status="PASS">
          <reporter-output>
          </reporter-output>
        </test-method> <!-- verify_account_registration -->
        <test-method is-config="true" signature="tearDown()[pri:0, instance:testCases.TC001_AccountRegistrationTest@28261e8e]" started-at="2025-03-21T03:02:43 IST" name="tearDown" finished-at="2025-03-21T03:02:44 IST" duration-ms="258" status="PASS">
          <reporter-output>
          </reporter-output>
        </test-method> <!-- tearDown -->
      </class> <!-- testCases.TC001_AccountRegistrationTest -->
    </test> <!-- Test -->
  </suite> <!-- Suite -->
</testng-results>
